<?xml version="1.0" encoding="UTF-8"?>
<TestRun id="a1174b52-0a43-4c20-a683-ed7c4a5cf411" name="Matt@MATT-VAIO 2012-02-15 14:35:43" runUser="Matt-VAIO\Matt" xmlns="http://microsoft.com/schemas/VisualStudio/TeamTest/2010">
  <TestSettings name="Default Test Settings" id="5fd9a5aa-d683-46e5-b393-de1b8da81050">
    <Deployment runDeploymentRoot="Matt_MATT-VAIO 2012-02-15 14_35_43">
      <DeploymentItem filename="C:\Users\Matt\Desktop\CrmProvider\src\CustomMembershipProvider\CustomMembershipProvider\bin\CustomMembershipProvider.dll" />
    </Deployment>
    <Execution>
      <TestTypeSpecific />
      <AgentRule name="Execution Agents">
      </AgentRule>
    </Execution>
  </TestSettings>
  <Times creation="2012-02-15T14:35:43.3967031-05:00" queuing="2012-02-15T14:35:43.8447287-05:00" start="2012-02-15T14:35:43.9737361-05:00" finish="2012-02-15T14:35:44.7847824-05:00" />
  <ResultSummary outcome="Completed">
    <Counters total="1" executed="1" passed="1" error="0" failed="0" timeout="0" aborted="0" inconclusive="0" passedButRunAborted="0" notRunnable="0" notExecuted="0" disconnected="0" warning="0" completed="0" inProgress="0" pending="0" />
  </ResultSummary>
  <TestDefinitions>
    <UnitTest name="Register_Post_ReturnsRedirectOnSuccess" storage="c:\users\matt\desktop\crmprovider\src\custommembershipprovider\custommembershipprovider.tests\bin\debug\custommembershipprovider.tests.dll" id="5fb64f25-1491-d65a-42c2-401cae78567a">
      <Execution id="6a0d2c31-4e2d-4b54-b141-3c62ef410e63" />
      <TestMethod codeBase="C:/Users/Matt/Desktop/CrmProvider/src/CustomMembershipProvider/CustomMembershipProvider.Tests/bin/Debug/CustomMembershipProvider.Tests.DLL" adapterTypeName="Microsoft.VisualStudio.TestTools.TestTypes.Unit.UnitTestAdapter, Microsoft.VisualStudio.QualityTools.Tips.UnitTest.Adapter, Version=10.0.0.0, Culture=neutral, PublicKeyToken=b03f5f7f11d50a3a" className="CustomMembershipProvider.Tests.Controllers.AccountControllerTest, CustomMembershipProvider.Tests, Version=1.0.0.0, Culture=neutral, PublicKeyToken=null" name="Register_Post_ReturnsRedirectOnSuccess" />
    </UnitTest>
  </TestDefinitions>
  <TestLists>
    <TestList name="Results Not in a List" id="8c84fa94-04c1-424b-9868-57a2d4851a1d" />
    <TestList name="All Loaded Results" id="19431567-8539-422a-85d7-44ee4e166bda" />
  </TestLists>
  <TestEntries>
    <TestEntry testId="5fb64f25-1491-d65a-42c2-401cae78567a" executionId="6a0d2c31-4e2d-4b54-b141-3c62ef410e63" testListId="8c84fa94-04c1-424b-9868-57a2d4851a1d" />
  </TestEntries>
  <Results>
    <UnitTestResult executionId="6a0d2c31-4e2d-4b54-b141-3c62ef410e63" testId="5fb64f25-1491-d65a-42c2-401cae78567a" testName="Register_Post_ReturnsRedirectOnSuccess" computerName="MATT-VAIO" duration="00:00:00.0487349" startTime="2012-02-15T14:35:44.0137383-05:00" endTime="2012-02-15T14:35:44.6427743-05:00" testType="13cdc9d9-ddb5-4fa4-a97d-d965ccfc6d4b" outcome="Passed" testListId="8c84fa94-04c1-424b-9868-57a2d4851a1d" relativeResultsDirectory="6a0d2c31-4e2d-4b54-b141-3c62ef410e63">
    </UnitTestResult>
  </Results>
</TestRun>